This file contains any messages produced by compilers while
running configure, to aid debugging if configure makes a mistake.

It was created by configure, which was
generated by GNU Autoconf 2.68.  Invocation command line was

  $ ./configure --enable-xdebug

## --------- ##
## Platform. ##
## --------- ##

hostname = d08980adb44e
uname -m = x86_64
uname -r = 4.9.4-moby
uname -s = Linux
uname -v = #1 SMP Wed Jan 18 17:04:43 UTC 2017

/usr/bin/uname -p = unknown
/bin/uname -X     = unknown

/bin/arch              = unknown
/usr/bin/arch -k       = unknown
/usr/convex/getsysinfo = unknown
/usr/bin/hostinfo      = unknown
/bin/machine           = unknown
/usr/bin/oslevel       = unknown
/bin/universe          = unknown

PATH: /usr/local/sbin
PATH: /usr/local/bin
PATH: /usr/sbin
PATH: /usr/bin
PATH: /sbin
PATH: /bin


## ----------- ##
## Core tests. ##
## ----------- ##

configure:2146: checking for grep that handles long lines and -e
configure:2204: result: /bin/grep
configure:2209: checking for egrep
configure:2271: result: /bin/grep -E
configure:2276: checking for a sed that does not truncate output
configure:2340: result: /bin/sed
configure:2474: checking for cc
configure:2490: found /usr/bin/cc
configure:2501: result: cc
configure:2532: checking for C compiler version
configure:2541: cc --version >&5
cc (Ubuntu/Linaro 4.6.3-1ubuntu5) 4.6.3
Copyright (C) 2011 Free Software Foundation, Inc.
This is free software; see the source for copying conditions.  There is NO
warranty; not even for MERCHANTABILITY or FITNESS FOR A PARTICULAR PURPOSE.

configure:2552: $? = 0
configure:2541: cc -v >&5
Using built-in specs.
COLLECT_GCC=cc
COLLECT_LTO_WRAPPER=/usr/lib/gcc/x86_64-linux-gnu/4.6/lto-wrapper
Target: x86_64-linux-gnu
Configured with: ../src/configure -v --with-pkgversion='Ubuntu/Linaro 4.6.3-1ubuntu5' --with-bugurl=file:///usr/share/doc/gcc-4.6/README.Bugs --enable-languages=c,c++,fortran,objc,obj-c++ --prefix=/usr --program-suffix=-4.6 --enable-shared --enable-linker-build-id --with-system-zlib --libexecdir=/usr/lib --without-included-gettext --enable-threads=posix --with-gxx-include-dir=/usr/include/c++/4.6 --libdir=/usr/lib --enable-nls --with-sysroot=/ --enable-clocale=gnu --enable-libstdcxx-debug --enable-libstdcxx-time=yes --enable-gnu-unique-object --enable-plugin --enable-objc-gc --disable-werror --with-arch-32=i686 --with-tune=generic --enable-checking=release --build=x86_64-linux-gnu --host=x86_64-linux-gnu --target=x86_64-linux-gnu
Thread model: posix
gcc version 4.6.3 (Ubuntu/Linaro 4.6.3-1ubuntu5) 
configure:2552: $? = 0
configure:2541: cc -V >&5
cc: error: unrecognized option '-V'
cc: fatal error: no input files
compilation terminated.
configure:2552: $? = 4
configure:2541: cc -qversion >&5
cc: error: unrecognized option '-qversion'
cc: fatal error: no input files
compilation terminated.
configure:2552: $? = 4
configure:2572: checking whether the C compiler works
configure:2594: cc    conftest.c  >&5
configure:2598: $? = 0
configure:2646: result: yes
configure:2649: checking for C compiler default output file name
configure:2651: result: a.out
configure:2657: checking for suffix of executables
configure:2664: cc -o conftest    conftest.c  >&5
configure:2668: $? = 0
configure:2690: result: 
configure:2712: checking whether we are cross compiling
configure:2720: cc -o conftest    conftest.c  >&5
configure:2724: $? = 0
configure:2731: ./conftest
configure:2735: $? = 0
configure:2750: result: no
configure:2755: checking for suffix of object files
configure:2777: cc -c   conftest.c >&5
configure:2781: $? = 0
configure:2802: result: o
configure:2806: checking whether we are using the GNU C compiler
configure:2825: cc -c   conftest.c >&5
configure:2825: $? = 0
configure:2834: result: yes
configure:2843: checking whether cc accepts -g
configure:2863: cc -c -g  conftest.c >&5
configure:2863: $? = 0
configure:2904: result: yes
configure:2921: checking for cc option to accept ISO C89
configure:2985: cc  -c -g -O2  conftest.c >&5
configure:2985: $? = 0
configure:2998: result: none needed
configure:3024: checking how to run the C preprocessor
configure:3055: cc -E  conftest.c
configure:3055: $? = 0
configure:3069: cc -E  conftest.c
conftest.c:9:28: fatal error: ac_nonexistent.h: No such file or directory
compilation terminated.
configure:3069: $? = 1
configure: failed program was:
| /* confdefs.h */
| #define PACKAGE_NAME ""
| #define PACKAGE_TARNAME ""
| #define PACKAGE_VERSION ""
| #define PACKAGE_STRING ""
| #define PACKAGE_BUGREPORT ""
| #define PACKAGE_URL ""
| /* end confdefs.h.  */
| #include <ac_nonexistent.h>
configure:3094: result: cc -E
configure:3114: cc -E  conftest.c
configure:3114: $? = 0
configure:3128: cc -E  conftest.c
conftest.c:9:28: fatal error: ac_nonexistent.h: No such file or directory
compilation terminated.
configure:3128: $? = 1
configure: failed program was:
| /* confdefs.h */
| #define PACKAGE_NAME ""
| #define PACKAGE_TARNAME ""
| #define PACKAGE_VERSION ""
| #define PACKAGE_STRING ""
| #define PACKAGE_BUGREPORT ""
| #define PACKAGE_URL ""
| /* end confdefs.h.  */
| #include <ac_nonexistent.h>
configure:3159: checking for icc
configure:3168: result: no
configure:3182: checking for suncc
configure:3191: result: no
configure:3209: checking whether cc understands -c and -o together
configure:3237: cc -c conftest.c -o conftest2.o >&5
configure:3241: $? = 0
configure:3247: cc -c conftest.c -o conftest2.o >&5
configure:3251: $? = 0
configure:3306: result: yes
configure:3320: checking for system library directory
configure:3335: result: lib
configure:3342: checking if compiler supports -R
configure:3361: cc -o conftest -g -O2   conftest.c -R /usr/lib  >&5
cc: error: unrecognized option '-R'
configure:3361: $? = 1
configure: failed program was:
| /* confdefs.h */
| #define PACKAGE_NAME ""
| #define PACKAGE_TARNAME ""
| #define PACKAGE_VERSION ""
| #define PACKAGE_STRING ""
| #define PACKAGE_BUGREPORT ""
| #define PACKAGE_URL ""
| /* end confdefs.h.  */
| 
| int
| main ()
| {
| 
|   ;
|   return 0;
| }
configure:3371: result: no
configure:3376: checking if compiler supports -Wl,-rpath,
configure:3395: cc -o conftest -g -O2   conftest.c -Wl,-rpath,/usr/lib  >&5
configure:3395: $? = 0
configure:3405: result: yes
configure:3450: checking build system type
configure:3464: result: x86_64-unknown-linux-gnu
configure:3484: checking host system type
configure:3497: result: x86_64-unknown-linux-gnu
configure:3517: checking target system type
configure:3530: result: x86_64-unknown-linux-gnu
configure:3633: checking for PHP prefix
configure:3635: result: /usr
configure:3637: checking for PHP includes
configure:3639: result: -I/usr/include/php5 -I/usr/include/php5/main -I/usr/include/php5/TSRM -I/usr/include/php5/Zend -I/usr/include/php5/ext -I/usr/include/php5/ext/date/lib
configure:3641: checking for PHP extension directory
configure:3643: result: /usr/lib/php5/20100525
configure:3645: checking for PHP installed headers prefix
configure:3647: result: /usr/include/php5
configure:3650: checking if debug is enabled
configure:3676: result: no
configure:3679: checking if zts is enabled
configure:3705: result: no
configure:3776: checking for re2c
configure:3806: result: no
configure:3831: WARNING: You will need re2c 0.13.4 or later if you want to regenerate PHP parsers.
configure:3845: checking for gawk
configure:3876: result: no
configure:3845: checking for nawk
configure:3862: found /usr/bin/nawk
configure:3873: result: nawk
configure:3896: checking if nawk is broken
configure:3903: result: no
configure:3917: checking whether to enable Xdebug support
configure:3956: result: yes, shared
configure:3963: checking Check for supported PHP versions
configure:3973: result: supported (5.4.45-4+deprecated+dontuse+deb.sury.org~precise+1)
configure:3987: checking for gettimeofday
configure:3987: cc -o conftest -g -O2 -I/usr/include/php5 -I/usr/include/php5/main -I/usr/include/php5/TSRM -I/usr/include/php5/Zend -I/usr/include/php5/ext -I/usr/include/php5/ext/date/lib   conftest.c  >&5
configure:3987: $? = 0
configure:3987: result: yes
configure:3996: checking for ANSI C header files
configure:4016: cc -c -g -O2 -I/usr/include/php5 -I/usr/include/php5/main -I/usr/include/php5/TSRM -I/usr/include/php5/Zend -I/usr/include/php5/ext -I/usr/include/php5/ext/date/lib  conftest.c >&5
configure:4016: $? = 0
configure:4089: cc -o conftest -g -O2 -I/usr/include/php5 -I/usr/include/php5/main -I/usr/include/php5/TSRM -I/usr/include/php5/Zend -I/usr/include/php5/ext -I/usr/include/php5/ext/date/lib   conftest.c  >&5
configure:4089: $? = 0
configure:4089: ./conftest
configure:4089: $? = 0
configure:4100: result: yes
configure:4113: checking for sys/types.h
configure:4113: cc -c -g -O2 -I/usr/include/php5 -I/usr/include/php5/main -I/usr/include/php5/TSRM -I/usr/include/php5/Zend -I/usr/include/php5/ext -I/usr/include/php5/ext/date/lib  conftest.c >&5
configure:4113: $? = 0
configure:4113: result: yes
configure:4113: checking for sys/stat.h
configure:4113: cc -c -g -O2 -I/usr/include/php5 -I/usr/include/php5/main -I/usr/include/php5/TSRM -I/usr/include/php5/Zend -I/usr/include/php5/ext -I/usr/include/php5/ext/date/lib  conftest.c >&5
configure:4113: $? = 0
configure:4113: result: yes
configure:4113: checking for stdlib.h
configure:4113: cc -c -g -O2 -I/usr/include/php5 -I/usr/include/php5/main -I/usr/include/php5/TSRM -I/usr/include/php5/Zend -I/usr/include/php5/ext -I/usr/include/php5/ext/date/lib  conftest.c >&5
configure:4113: $? = 0
configure:4113: result: yes
configure:4113: checking for string.h
configure:4113: cc -c -g -O2 -I/usr/include/php5 -I/usr/include/php5/main -I/usr/include/php5/TSRM -I/usr/include/php5/Zend -I/usr/include/php5/ext -I/usr/include/php5/ext/date/lib  conftest.c >&5
configure:4113: $? = 0
configure:4113: result: yes
configure:4113: checking for memory.h
configure:4113: cc -c -g -O2 -I/usr/include/php5 -I/usr/include/php5/main -I/usr/include/php5/TSRM -I/usr/include/php5/Zend -I/usr/include/php5/ext -I/usr/include/php5/ext/date/lib  conftest.c >&5
configure:4113: $? = 0
configure:4113: result: yes
configure:4113: checking for strings.h
configure:4113: cc -c -g -O2 -I/usr/include/php5 -I/usr/include/php5/main -I/usr/include/php5/TSRM -I/usr/include/php5/Zend -I/usr/include/php5/ext -I/usr/include/php5/ext/date/lib  conftest.c >&5
configure:4113: $? = 0
configure:4113: result: yes
configure:4113: checking for inttypes.h
configure:4113: cc -c -g -O2 -I/usr/include/php5 -I/usr/include/php5/main -I/usr/include/php5/TSRM -I/usr/include/php5/Zend -I/usr/include/php5/ext -I/usr/include/php5/ext/date/lib  conftest.c >&5
configure:4113: $? = 0
configure:4113: result: yes
configure:4113: checking for stdint.h
configure:4113: cc -c -g -O2 -I/usr/include/php5 -I/usr/include/php5/main -I/usr/include/php5/TSRM -I/usr/include/php5/Zend -I/usr/include/php5/ext -I/usr/include/php5/ext/date/lib  conftest.c >&5
configure:4113: $? = 0
configure:4113: result: yes
configure:4113: checking for unistd.h
configure:4113: cc -c -g -O2 -I/usr/include/php5 -I/usr/include/php5/main -I/usr/include/php5/TSRM -I/usr/include/php5/Zend -I/usr/include/php5/ext -I/usr/include/php5/ext/date/lib  conftest.c >&5
configure:4113: $? = 0
configure:4113: result: yes
configure:4127: checking sys/select.h usability
configure:4127: cc -c -g -O2 -I/usr/include/php5 -I/usr/include/php5/main -I/usr/include/php5/TSRM -I/usr/include/php5/Zend -I/usr/include/php5/ext -I/usr/include/php5/ext/date/lib  conftest.c >&5
configure:4127: $? = 0
configure:4127: result: yes
configure:4127: checking sys/select.h presence
configure:4127: cc -E -I/usr/include/php5 -I/usr/include/php5/main -I/usr/include/php5/TSRM -I/usr/include/php5/Zend -I/usr/include/php5/ext -I/usr/include/php5/ext/date/lib  conftest.c
configure:4127: $? = 0
configure:4127: result: yes
configure:4127: checking for sys/select.h
configure:4127: result: yes
configure:4235: checking for cos in -lm
configure:4260: cc -o conftest -g -O2 -I/usr/include/php5 -I/usr/include/php5/main -I/usr/include/php5/TSRM -I/usr/include/php5/Zend -I/usr/include/php5/ext -I/usr/include/php5/ext/date/lib   conftest.c -lm   >&5
conftest.c:29:6: warning: conflicting types for built-in function 'cos' [enabled by default]
configure:4260: $? = 0
configure:4269: result: yes
configure:4671: checking how to print strings
configure:4698: result: printf
configure:4719: checking for a sed that does not truncate output
configure:4783: result: /bin/sed
configure:4801: checking for fgrep
configure:4863: result: /bin/grep -F
configure:4898: checking for ld used by cc
configure:4965: result: /usr/bin/ld
configure:4972: checking if the linker (/usr/bin/ld) is GNU ld
configure:4987: result: yes
configure:4999: checking for BSD- or MS-compatible name lister (nm)
configure:5048: result: /usr/bin/nm -B
configure:5178: checking the name lister (/usr/bin/nm -B) interface
configure:5185: cc -c -g -O2  conftest.c >&5
configure:5188: /usr/bin/nm -B "conftest.o"
configure:5191: output
0000000000000000 B some_variable
configure:5198: result: BSD nm
configure:5201: checking whether ln -s works
configure:5205: result: yes
configure:5213: checking the maximum length of command line arguments
configure:5343: result: 1572864
configure:5360: checking whether the shell understands some XSI constructs
configure:5370: result: yes
configure:5374: checking whether the shell understands "+="
configure:5380: result: yes
configure:5415: checking how to convert x86_64-unknown-linux-gnu file names to x86_64-unknown-linux-gnu format
configure:5455: result: func_convert_file_noop
configure:5462: checking how to convert x86_64-unknown-linux-gnu file names to toolchain format
configure:5482: result: func_convert_file_noop
configure:5489: checking for /usr/bin/ld option to reload object files
configure:5496: result: -r
configure:5570: checking for objdump
configure:5586: found /usr/bin/objdump
configure:5597: result: objdump
configure:5629: checking how to recognize dependent libraries
configure:5831: result: pass_all
configure:5916: checking for dlltool
configure:5946: result: no
configure:5976: checking how to associate runtime and link libraries
configure:6003: result: printf %s\n
configure:6063: checking for ar
configure:6079: found /usr/bin/ar
configure:6090: result: ar
configure:6127: checking for archiver @FILE support
configure:6144: cc -c -g -O2  conftest.c >&5
configure:6144: $? = 0
configure:6147: ar cru libconftest.a @conftest.lst >&5
configure:6150: $? = 0
configure:6155: ar cru libconftest.a @conftest.lst >&5
ar: conftest.o: No such file or directory
configure:6158: $? = 1
configure:6170: result: @
configure:6228: checking for strip
configure:6244: found /usr/bin/strip
configure:6255: result: strip
configure:6327: checking for ranlib
configure:6343: found /usr/bin/ranlib
configure:6354: result: ranlib
configure:6431: checking for gawk
configure:6458: result: nawk
configure:6498: checking command to parse /usr/bin/nm -B output from cc object
configure:6618: cc -c -g -O2  conftest.c >&5
configure:6621: $? = 0
configure:6625: /usr/bin/nm -B conftest.o \| sed -n -e 's/^.*[ ]\([ABCDGIRSTW][ABCDGIRSTW]*\)[ ][ ]*\([_A-Za-z][_A-Za-z0-9]*\)$/\1 \2 \2/p' | sed '/ __gnu_lto/d' \> conftest.nm
configure:6628: $? = 0
configure:6694: cc -o conftest -g -O2   conftest.c conftstm.o >&5
configure:6697: $? = 0
configure:6735: result: ok
configure:6772: checking for sysroot
configure:6802: result: no
configure:6879: cc -c -g -O2  conftest.c >&5
configure:6882: $? = 0
configure:7058: checking for mt
configure:7074: found /bin/mt
configure:7085: result: mt
configure:7108: checking if mt is a manifest tool
configure:7114: mt '-?'
configure:7122: result: no
configure:7761: checking for dlfcn.h
configure:7761: cc -c -g -O2  conftest.c >&5
configure:7761: $? = 0
configure:7761: result: yes
configure:7967: checking for objdir
configure:7982: result: .libs
configure:8249: checking if cc supports -fno-rtti -fno-exceptions
configure:8267: cc -c -g -O2  -fno-rtti -fno-exceptions conftest.c >&5
cc1: warning: command line option '-fno-rtti' is valid for C++/ObjC++ but not for C [enabled by default]
configure:8271: $? = 0
configure:8284: result: no
configure:8611: checking for cc option to produce PIC
configure:8618: result: -fPIC -DPIC
configure:8626: checking if cc PIC flag -fPIC -DPIC works
configure:8644: cc -c -g -O2  -fPIC -DPIC -DPIC conftest.c >&5
configure:8648: $? = 0
configure:8661: result: yes
configure:8690: checking if cc static flag -static works
configure:8718: result: yes
configure:8733: checking if cc supports -c -o file.o
configure:8754: cc -c -g -O2  -o out/conftest2.o conftest.c >&5
configure:8758: $? = 0
configure:8780: result: yes
configure:8788: checking if cc supports -c -o file.o
configure:8835: result: yes
configure:8868: checking whether the cc linker (/usr/bin/ld -m elf_x86_64) supports shared libraries
configure:10025: result: yes
configure:10062: checking whether -lc should be explicitly linked in
configure:10070: cc -c -g -O2  conftest.c >&5
configure:10073: $? = 0
configure:10088: cc -shared  -fPIC -DPIC conftest.o  -v -Wl,-soname -Wl,conftest -o conftest 2\>\&1 \| /bin/grep  -lc  \>/dev/null 2\>\&1
configure:10091: $? = 0
configure:10105: result: no
configure:10265: checking dynamic linker characteristics
configure:10776: cc -o conftest -g -O2   -Wl,-rpath -Wl,/foo conftest.c  >&5
configure:10776: $? = 0
configure:11010: result: GNU/Linux ld.so
configure:11117: checking how to hardcode library paths into programs
configure:11142: result: immediate
configure:11682: checking whether stripping libraries is possible
configure:11687: result: yes
configure:11722: checking if libtool supports shared libraries
configure:11724: result: yes
configure:11727: checking whether to build shared libraries
configure:11748: result: yes
configure:11751: checking whether to build static libraries
configure:11755: result: no
configure:12031: creating ./config.status

## ---------------------- ##
## Running config.status. ##
## ---------------------- ##

This file was extended by config.status, which was
generated by GNU Autoconf 2.68.  Invocation command line was

  CONFIG_FILES    = 
  CONFIG_HEADERS  = 
  CONFIG_LINKS    = 
  CONFIG_COMMANDS = 
  $ ./config.status 

on d08980adb44e

config.status:901: creating config.h
config.status:991: config.h is unchanged
config.status:1005: executing libtool commands

## ---------------- ##
## Cache variables. ##
## ---------------- ##

ac_cv_build=x86_64-unknown-linux-gnu
ac_cv_c_compiler_gnu=yes
ac_cv_env_CC_set=
ac_cv_env_CC_value=
ac_cv_env_CFLAGS_set=
ac_cv_env_CFLAGS_value=
ac_cv_env_CPPFLAGS_set=
ac_cv_env_CPPFLAGS_value=
ac_cv_env_CPP_set=
ac_cv_env_CPP_value=
ac_cv_env_LDFLAGS_set=
ac_cv_env_LDFLAGS_value=
ac_cv_env_LIBS_set=
ac_cv_env_LIBS_value=
ac_cv_env_build_alias_set=
ac_cv_env_build_alias_value=
ac_cv_env_host_alias_set=
ac_cv_env_host_alias_value=
ac_cv_env_target_alias_set=
ac_cv_env_target_alias_value=
ac_cv_func_gettimeofday=yes
ac_cv_header_dlfcn_h=yes
ac_cv_header_inttypes_h=yes
ac_cv_header_memory_h=yes
ac_cv_header_stdc=yes
ac_cv_header_stdint_h=yes
ac_cv_header_stdlib_h=yes
ac_cv_header_string_h=yes
ac_cv_header_strings_h=yes
ac_cv_header_sys_select_h=yes
ac_cv_header_sys_stat_h=yes
ac_cv_header_sys_types_h=yes
ac_cv_header_unistd_h=yes
ac_cv_host=x86_64-unknown-linux-gnu
ac_cv_lib_m_cos=yes
ac_cv_objext=o
ac_cv_path_EGREP='/bin/grep -E'
ac_cv_path_FGREP='/bin/grep -F'
ac_cv_path_GREP=/bin/grep
ac_cv_path_SED=/bin/sed
ac_cv_prog_AWK=nawk
ac_cv_prog_CPP='cc -E'
ac_cv_prog_ac_ct_AR=ar
ac_cv_prog_ac_ct_CC=cc
ac_cv_prog_ac_ct_MANIFEST_TOOL=mt
ac_cv_prog_ac_ct_OBJDUMP=objdump
ac_cv_prog_ac_ct_RANLIB=ranlib
ac_cv_prog_ac_ct_STRIP=strip
ac_cv_prog_cc_c89=
ac_cv_prog_cc_cc_c_o=yes
ac_cv_prog_cc_g=yes
ac_cv_target=x86_64-unknown-linux-gnu
lt_cv_ar_at_file=@
lt_cv_archive_cmds_need_lc=no
lt_cv_deplibs_check_method=pass_all
lt_cv_file_magic_cmd='$MAGIC_CMD'
lt_cv_file_magic_test_file=
lt_cv_ld_reload_flag=-r
lt_cv_nm_interface='BSD nm'
lt_cv_objdir=.libs
lt_cv_path_LD=/usr/bin/ld
lt_cv_path_NM='/usr/bin/nm -B'
lt_cv_path_mainfest_tool=no
lt_cv_prog_compiler_c_o=yes
lt_cv_prog_compiler_pic='-fPIC -DPIC'
lt_cv_prog_compiler_pic_works=yes
lt_cv_prog_compiler_rtti_exceptions=no
lt_cv_prog_compiler_static_works=yes
lt_cv_prog_gnu_ld=yes
lt_cv_sharedlib_from_linklib_cmd='printf %s\n'
lt_cv_shlibpath_overrides_runpath=no
lt_cv_sys_global_symbol_pipe='sed -n -e '\''s/^.*[	 ]\([ABCDGIRSTW][ABCDGIRSTW]*\)[	 ][	 ]*\([_A-Za-z][_A-Za-z0-9]*\)$/\1 \2 \2/p'\'' | sed '\''/ __gnu_lto/d'\'''
lt_cv_sys_global_symbol_to_c_name_address='sed -n -e '\''s/^: \([^ ]*\)[ ]*$/  {\"\1\", (void *) 0},/p'\'' -e '\''s/^[ABCDGIRSTW]* \([^ ]*\) \([^ ]*\)$/  {"\2", (void *) \&\2},/p'\'''
lt_cv_sys_global_symbol_to_c_name_address_lib_prefix='sed -n -e '\''s/^: \([^ ]*\)[ ]*$/  {\"\1\", (void *) 0},/p'\'' -e '\''s/^[ABCDGIRSTW]* \([^ ]*\) \(lib[^ ]*\)$/  {"\2", (void *) \&\2},/p'\'' -e '\''s/^[ABCDGIRSTW]* \([^ ]*\) \([^ ]*\)$/  {"lib\2", (void *) \&\2},/p'\'''
lt_cv_sys_global_symbol_to_cdecl='sed -n -e '\''s/^T .* \(.*\)$/extern int \1();/p'\'' -e '\''s/^[ABCDGIRSTW]* .* \(.*\)$/extern char \1;/p'\'''
lt_cv_sys_max_cmd_len=1572864
lt_cv_to_host_file_cmd=func_convert_file_noop
lt_cv_to_tool_file_cmd=func_convert_file_noop
php_cv_cc_dashr=no
php_cv_cc_rpath=yes

## ----------------- ##
## Output variables. ##
## ----------------- ##

AR='ar'
AWK='nawk'
CC='cc'
CFLAGS='-g -O2'
CONFIGURE_COMMAND=' '\''./configure'\''  '\''--enable-xdebug'\'''
CONFIGURE_OPTIONS=' '\''--enable-xdebug'\'''
CPP='cc -E'
CPPFLAGS=' -DHAVE_CONFIG_H'
DEFS='-DHAVE_CONFIG_H'
DLLTOOL='false'
DSYMUTIL=''
DUMPBIN=''
ECHO_C=''
ECHO_N='-n'
ECHO_T=''
EGREP='/bin/grep -E'
EXEEXT=''
FGREP='/bin/grep -F'
GREP='/bin/grep'
LD='/usr/bin/ld -m elf_x86_64'
LDFLAGS=''
LIBOBJS=''
LIBS=''
LIBTOOL='$(SHELL) $(top_builddir)/libtool'
LIPO=''
LN_S='ln -s'
LTLIBOBJS=''
MANIFEST_TOOL=':'
NM='/usr/bin/nm -B'
NMEDIT=''
OBJDUMP='objdump'
OBJEXT='o'
OTOOL64=''
OTOOL=''
PACKAGE_BUGREPORT=''
PACKAGE_NAME=''
PACKAGE_STRING=''
PACKAGE_TARNAME=''
PACKAGE_URL=''
PACKAGE_VERSION=''
PATH_SEPARATOR=':'
RANLIB='ranlib'
RE2C='exit 0;'
SED='/bin/sed'
SHELL='/bin/bash'
SHLIB_DL_SUFFIX_NAME='so'
SHLIB_SUFFIX_NAME='so'
STRIP='strip'
ac_ct_AR='ar'
ac_ct_CC='cc'
ac_ct_DUMPBIN=''
bindir='${exec_prefix}/bin'
build='x86_64-unknown-linux-gnu'
build_alias=''
build_cpu='x86_64'
build_os='linux-gnu'
build_vendor='unknown'
datadir='${datarootdir}'
datarootdir='${prefix}/share'
docdir='${datarootdir}/doc/${PACKAGE}'
dvidir='${docdir}'
exec_prefix='$(prefix)'
host='x86_64-unknown-linux-gnu'
host_alias='x86_64-unknown-linux-gnu'
host_cpu='x86_64'
host_os='linux-gnu'
host_vendor='unknown'
htmldir='${docdir}'
includedir='${prefix}/include'
infodir='${datarootdir}/info'
libdir='${exec_prefix}/lib'
libexecdir='${exec_prefix}/libexec'
localedir='${datarootdir}/locale'
localstatedir='${prefix}/var'
mandir='${datarootdir}/man'
oldincludedir='/usr/include'
pdfdir='${docdir}'
prefix='/usr'
program_transform_name='s,x,x,'
psdir='${docdir}'
sbindir='${exec_prefix}/sbin'
sharedstatedir='${prefix}/com'
sysconfdir='${prefix}/etc'
target='x86_64-unknown-linux-gnu'
target_alias=''
target_cpu='x86_64'
target_os='linux-gnu'
target_vendor='unknown'

## ----------- ##
## confdefs.h. ##
## ----------- ##

/* confdefs.h */
#define PACKAGE_NAME ""
#define PACKAGE_TARNAME ""
#define PACKAGE_VERSION ""
#define PACKAGE_STRING ""
#define PACKAGE_BUGREPORT ""
#define PACKAGE_URL ""
#define HAVE_XDEBUG 1
#define HAVE_GETTIMEOFDAY 1
#define STDC_HEADERS 1
#define HAVE_SYS_TYPES_H 1
#define HAVE_SYS_STAT_H 1
#define HAVE_STDLIB_H 1
#define HAVE_STRING_H 1
#define HAVE_MEMORY_H 1
#define HAVE_STRINGS_H 1
#define HAVE_INTTYPES_H 1
#define HAVE_STDINT_H 1
#define HAVE_UNISTD_H 1
#define HAVE_SYS_SELECT_H 1
#define COMPILE_DL_XDEBUG 1
#define HAVE_DLFCN_H 1
#define LT_OBJDIR ".libs/"

configure: exit 0
